<?xml version="1.0" encoding="UTF-8"?>
<!-- Generated by org.testng.reporters.JUnitReportReporter -->
<testsuite skipped="0" hostname="IN2196867W4" name="sample.ProjectMAven.sampleclass2" tests="1" failures="0" timestamp="2021-03-31T20:22:54 IST" time="0.007" errors="0">
  <testcase name="method10" time="0.007" classname="sample.ProjectMAven.sampleclass2"/>
  <system-out/>
</testsuite> <!-- sample.ProjectMAven.sampleclass2 -->
