<?xml version="1.0" encoding="UTF-8"?>
<!-- Generated by org.testng.reporters.JUnitReportReporter -->
<testsuite skipped="0" hostname="IN2196867W4" name="sample.ProjectMAven.sampleclass" tests="2" failures="0" timestamp="2021-03-31T20:45:23 IST" time="0.013" errors="0">
  <testcase name="method9" time="0.008" classname="sample.ProjectMAven.sampleclass"/>
  <system-out/>
  <testcase name="method11" time="0.005" classname="sample.ProjectMAven.sampleclass"/>
  <system-out/>
</testsuite> <!-- sample.ProjectMAven.sampleclass -->
