<?xml version="1.0" encoding="UTF-8"?>
<!-- Generated by org.testng.reporters.JUnitReportReporter -->
<testsuite skipped="0" hostname="IN2196867W4" name="sample.ProjectMAven.facebooklogin" tests="3" failures="0" timestamp="2021-04-12T20:39:45 IST" time="68.391" errors="0">
  <testcase name="loginandlogout" time="29.082" classname="sample.ProjectMAven.facebooklogin"/>
  <system-out/>
  <testcase name="loginandlogout" time="18.094" classname="sample.ProjectMAven.facebooklogin"/>
  <system-out/>
  <testcase name="loginandlogout" time="21.215" classname="sample.ProjectMAven.facebooklogin"/>
  <system-out/>
</testsuite> <!-- sample.ProjectMAven.facebooklogin -->
